<?xml version="1.0" encoding="UTF-8"?>
<!-- Generated by org.testng.reporters.JUnitReportReporter -->
<testsuite hostname="DESKTOP-IGBPCA6" failures="0" tests="1" name="api.test.LeadTest" time="0.777" errors="0" timestamp="2024-11-04T12:09:56 IST" skipped="0">
  <testcase classname="api.test.LeadTest" name="GetLeadById" time="0.777"/>
</testsuite> <!-- api.test.LeadTest -->
