<?xml version="1.0" encoding="UTF-8"?>
<!-- Generated by org.testng.reporters.JUnitReportReporter -->
<testsuite hostname="DESKTOP-IGBPCA6" failures="0" tests="1" name="api.test.LeadTest" time="2.086" errors="0" timestamp="2024-10-29T18:57:23 IST" skipped="0">
  <testcase classname="api.test.LeadTest" name="GetLeadById" time="2.086"/>
</testsuite> <!-- api.test.LeadTest -->
