<?xml version="1.0" encoding="UTF-8"?>
<!-- Generated by org.testng.reporters.JUnitReportReporter -->
<testsuite hostname="DESKTOP-IGBPCA6" failures="0" tests="2" name="api.test.BranchTest" time="0.516" errors="0" timestamp="2024-10-30T13:14:50 IST" skipped="0">
  <testcase classname="api.test.BranchTest" name="CreateBranch" time="0.366"/>
  <testcase classname="api.test.BranchTest" name="GetBranchByID" time="0.150"/>
</testsuite> <!-- api.test.BranchTest -->
