<?xml version="1.0" encoding="UTF-8"?>
<!-- Generated by org.testng.reporters.JUnitReportReporter -->
<testsuite hostname="DESKTOP-IGBPCA6" failures="0" tests="2" name="api.test.BranchTest" time="2.156" errors="0" timestamp="2024-10-29T13:21:26 IST" skipped="0">
  <testcase classname="api.test.BranchTest" name="CreateBranch" time="1.247"/>
  <testcase classname="api.test.BranchTest" name="GetBranchByID" time="0.909"/>
</testsuite> <!-- api.test.BranchTest -->
