<?xml version="1.0" encoding="UTF-8"?>
<!-- Generated by org.testng.reporters.JUnitReportReporter -->
<testsuite hostname="DESKTOP-IGBPCA6" failures="0" tests="2" name="api.test.BranchTest" time="1.676" errors="0" timestamp="2024-10-29T18:51:53 IST" skipped="0">
  <testcase classname="api.test.BranchTest" name="CreateBranch" time="1.522"/>
  <testcase classname="api.test.BranchTest" name="GetBranchByID" time="0.154"/>
</testsuite> <!-- api.test.BranchTest -->
